<?xml version="1.0" encoding="UTF-8"?>
<robot generator="Robot 3.2.1 (Python 3.8.3 on win32)" generated="20201114 22:15:56.752" rpa="false">
<suite id="s1" name="Usuarios" source="c:\Altoro\Web\Tests\Usuarios.robot">
<test id="s1-t1" name="Alterando as permissões do usuário">
<kw name="Novo Acesso" library="base" type="setup">
<kw name="Open Browser" library="SeleniumLibrary">
<doc>Opens a new browser instance to the optional ``url``.</doc>
<arguments>
<arg>${url}</arg>
<arg>chrome</arg>
</arguments>
<msg timestamp="20201114 22:15:57.245" level="INFO">Opening browser 'chrome' to base url 'http://altoromutual.com:8080/ chrome'.</msg>
<status status="PASS" starttime="20201114 22:15:57.245" endtime="20201114 22:16:01.496"></status>
</kw>
<status status="PASS" starttime="20201114 22:15:57.244" endtime="20201114 22:16:01.497"></status>
</kw>
<kw name="Click Element" library="SeleniumLibrary">
<doc>Click the element identified by ``locator``.</doc>
<arguments>
<arg>id:AccountLink</arg>
</arguments>
<msg timestamp="20201114 22:16:01.498" level="INFO">Clicking element 'id:AccountLink'.</msg>
<status status="PASS" starttime="20201114 22:16:01.498" endtime="20201114 22:16:01.809"></status>
</kw>
<kw name="Input Text" library="SeleniumLibrary">
<doc>Types the given ``text`` into the text field identified by ``locator``.</doc>
<arguments>
<arg>id:uid</arg>
<arg>admin</arg>
</arguments>
<msg timestamp="20201114 22:16:01.814" level="INFO">Typing text 'admin' into text field 'id:uid'.</msg>
<status status="PASS" starttime="20201114 22:16:01.813" endtime="20201114 22:16:01.955"></status>
</kw>
<kw name="Input Text" library="SeleniumLibrary">
<doc>Types the given ``text`` into the text field identified by ``locator``.</doc>
<arguments>
<arg>id:passw</arg>
<arg>admin</arg>
</arguments>
<msg timestamp="20201114 22:16:01.957" level="INFO">Typing text 'admin' into text field 'id:passw'.</msg>
<status status="PASS" starttime="20201114 22:16:01.956" endtime="20201114 22:16:02.100"></status>
</kw>
<kw name="Click Button" library="SeleniumLibrary">
<doc>Clicks the button identified by ``locator``.</doc>
<arguments>
<arg>css:input[name="btnSubmit"]</arg>
</arguments>
<msg timestamp="20201114 22:16:02.103" level="INFO">Clicking button 'css:input[name="btnSubmit"]'.</msg>
<status status="PASS" starttime="20201114 22:16:02.102" endtime="20201114 22:16:02.689"></status>
</kw>
<kw name="Click Element" library="SeleniumLibrary">
<doc>Click the element identified by ``locator``.</doc>
<arguments>
<arg>xpath://a[@href="/admin/admin.jsp"]</arg>
</arguments>
<msg timestamp="20201114 22:16:02.691" level="INFO">Clicking element 'xpath://a[@href="/admin/admin.jsp"]'.</msg>
<status status="PASS" starttime="20201114 22:16:02.691" endtime="20201114 22:16:03.183"></status>
</kw>
<kw name="Select From List By Label" library="SeleniumLibrary">
<doc>Selects options from selection list ``locator`` by ``labels``.</doc>
<arguments>
<arg>id:username</arg>
<arg>tuser</arg>
</arguments>
<msg timestamp="20201114 22:16:03.187" level="INFO">Selecting options from selection list 'id:username' by label tuser.</msg>
<status status="PASS" starttime="20201114 22:16:03.186" endtime="20201114 22:16:03.368"></status>
</kw>
<kw name="Select From List By Label" library="SeleniumLibrary">
<doc>Selects options from selection list ``locator`` by ``labels``.</doc>
<arguments>
<arg>css:select[name="accttypes"]</arg>
<arg>Savings</arg>
</arguments>
<msg timestamp="20201114 22:16:03.370" level="INFO">Selecting options from selection list 'css:select[name="accttypes"]' by label Savings.</msg>
<status status="PASS" starttime="20201114 22:16:03.369" endtime="20201114 22:16:03.447"></status>
</kw>
<kw name="Click Button" library="SeleniumLibrary">
<doc>Clicks the button identified by ``locator``.</doc>
<arguments>
<arg>xpath://input[@value="Add Account"]</arg>
</arguments>
<msg timestamp="20201114 22:16:03.448" level="INFO">Clicking button 'xpath://input[@value="Add Account"]'.</msg>
<status status="PASS" starttime="20201114 22:16:03.447" endtime="20201114 22:16:03.813"></status>
</kw>
<kw name="Encerra Acesso" library="base" type="teardown">
<kw name="Capture Page Screenshot" library="SeleniumLibrary">
<doc>Takes a screenshot of the current page and embeds it into a log file.</doc>
<msg timestamp="20201114 22:16:04.147" level="INFO" html="yes">&lt;/td&gt;&lt;/tr&gt;&lt;tr&gt;&lt;td colspan="3"&gt;&lt;a href="selenium-screenshot-4.png"&gt;&lt;img src="selenium-screenshot-4.png" width="800px"&gt;&lt;/a&gt;</msg>
<status status="PASS" starttime="20201114 22:16:03.816" endtime="20201114 22:16:04.147"></status>
</kw>
<kw name="Close Browser" library="SeleniumLibrary">
<doc>Closes the current browser.</doc>
<status status="PASS" starttime="20201114 22:16:04.147" endtime="20201114 22:16:06.377"></status>
</kw>
<status status="PASS" starttime="20201114 22:16:03.815" endtime="20201114 22:16:06.377"></status>
</kw>
<tags>
<tag>permit</tag>
</tags>
<status status="PASS" starttime="20201114 22:15:57.243" endtime="20201114 22:16:06.378" critical="yes"></status>
</test>
<status status="PASS" starttime="20201114 22:15:56.757" endtime="20201114 22:16:06.380"></status>
</suite>
<statistics>
<total>
<stat pass="1" fail="0">Critical Tests</stat>
<stat pass="1" fail="0">All Tests</stat>
</total>
<tag>
<stat pass="1" fail="0">permit</stat>
</tag>
<suite>
<stat pass="1" fail="0" id="s1" name="Usuarios">Usuarios</stat>
</suite>
</statistics>
<errors>
</errors>
</robot>
