<?xml version="1.0" encoding="UTF-8"?>
<robot generator="Robot 3.2.1 (Python 3.8.3 on win32)" generated="20201114 23:24:10.239" rpa="false">
<suite id="s1" name="Transferencia" source="c:\Altoro\Web\Tests\Transferencia.robot">
<test id="s1-t1" name="Validando a transferencia da conta Corporate para Checking">
<kw name="Novo Acesso" library="base" type="setup">
<kw name="Open Browser" library="SeleniumLibrary">
<doc>Opens a new browser instance to the optional ``url``.</doc>
<arguments>
<arg>${url}</arg>
<arg>chrome</arg>
</arguments>
<msg timestamp="20201114 23:24:10.709" level="INFO">Opening browser 'chrome' to base url 'http://altoromutual.com:8080/ chrome'.</msg>
<status status="PASS" starttime="20201114 23:24:10.709" endtime="20201114 23:24:15.254"></status>
</kw>
<status status="PASS" starttime="20201114 23:24:10.708" endtime="20201114 23:24:15.255"></status>
</kw>
<kw name="Click Element" library="SeleniumLibrary">
<doc>Click the element identified by ``locator``.</doc>
<arguments>
<arg>id:AccountLink</arg>
</arguments>
<msg timestamp="20201114 23:24:15.256" level="INFO">Clicking element 'id:AccountLink'.</msg>
<status status="PASS" starttime="20201114 23:24:15.256" endtime="20201114 23:24:15.560"></status>
</kw>
<kw name="Input Text" library="SeleniumLibrary">
<doc>Types the given ``text`` into the text field identified by ``locator``.</doc>
<arguments>
<arg>id:uid</arg>
<arg>admin</arg>
</arguments>
<msg timestamp="20201114 23:24:15.563" level="INFO">Typing text 'admin' into text field 'id:uid'.</msg>
<status status="PASS" starttime="20201114 23:24:15.563" endtime="20201114 23:24:15.682"></status>
</kw>
<kw name="Input Text" library="SeleniumLibrary">
<doc>Types the given ``text`` into the text field identified by ``locator``.</doc>
<arguments>
<arg>id:passw</arg>
<arg>admin</arg>
</arguments>
<msg timestamp="20201114 23:24:15.684" level="INFO">Typing text 'admin' into text field 'id:passw'.</msg>
<status status="PASS" starttime="20201114 23:24:15.683" endtime="20201114 23:24:15.827"></status>
</kw>
<kw name="Click Button" library="SeleniumLibrary">
<doc>Clicks the button identified by ``locator``.</doc>
<arguments>
<arg>css:input[name="btnSubmit"]</arg>
</arguments>
<msg timestamp="20201114 23:24:15.828" level="INFO">Clicking button 'css:input[name="btnSubmit"]'.</msg>
<status status="PASS" starttime="20201114 23:24:15.828" endtime="20201114 23:24:16.474"></status>
</kw>
<kw name="Click Element" library="SeleniumLibrary">
<doc>Click the element identified by ``locator``.</doc>
<arguments>
<arg>xpath://a[@href="/bank/transaction.jsp"]</arg>
</arguments>
<msg timestamp="20201114 23:24:16.476" level="INFO">Clicking element 'xpath://a[@href="/bank/transaction.jsp"]'.</msg>
<status status="PASS" starttime="20201114 23:24:16.475" endtime="20201114 23:24:17.008"></status>
</kw>
<kw name="Get WebElement" library="SeleniumLibrary">
<doc>Returns the first WebElement matching the given ``locator``.</doc>
<arguments>
<arg>xpath:.//tr[contains(., '2337')]</arg>
</arguments>
<assign>
<var>${debito}</var>
</assign>
<msg timestamp="20201114 23:24:17.038" level="INFO">${debito} = &lt;selenium.webdriver.remote.webelement.WebElement (session="005c7a244c5f4780b1b55636cd4854a4", element="b75dc838-f6d8-418d-adc9-0314dad83707")&gt;</msg>
<status status="PASS" starttime="20201114 23:24:17.010" endtime="20201114 23:24:17.038"></status>
</kw>
<kw name="Log" library="BuiltIn">
<doc>Logs the given message with the given level.</doc>
<arguments>
<arg>${debito.text}</arg>
</arguments>
<msg timestamp="20201114 23:24:17.176" level="INFO">I WANT TO ...
View Account Summary
View Recent Transactions
Transfer Funds
Search News Articles
Customize Site Language

ADMINISTRATION
Edit Users
Recent Transactions
After
yyyy-mm-dd Before
yyyy-mm-dd
Transaction ID Transaction Time Account ID Action Amount
2342 2020-11-14 20:02 800000 Deposit $300.00
2341 2020-11-14 20:02 800001 Withdrawal -$300.00
2340 2020-11-14 20:02 800001 Deposit $200.00
2339 2020-11-14 20:02 800000 Withdrawal -$200.00
2338 2020-11-14 20:00 800001 Deposit $200.00
2337 2020-11-14 20:00 800000 Withdrawal -$200.00
2336 2020-11-14 19:56 800001 Deposit $100.00
2335 2020-11-14 19:56 800000 Withdrawal -$100.00
2334 2020-11-14 19:56 800001 Deposit $200.00
2333 2020-11-14 19:56 800000 Withdrawal -$200.00
2332 2020-11-14 19:47 800001 Deposit $100.00
2331 2020-11-14 19:47 800000 Withdrawal -$100.00</msg>
<status status="PASS" starttime="20201114 23:24:17.039" endtime="20201114 23:24:17.176"></status>
</kw>
<kw name="Log To Console" library="BuiltIn">
<doc>Logs the given message to the console.</doc>
<arguments>
<arg>${debito.text}</arg>
</arguments>
<status status="PASS" starttime="20201114 23:24:17.177" endtime="20201114 23:24:17.299"></status>
</kw>
<kw name="Should Contain" library="BuiltIn">
<doc>Fails if ``container`` does not contain ``item`` one or more times.</doc>
<arguments>
<arg>${debito.text}</arg>
<arg>2020-11-14 20:00</arg>
</arguments>
<status status="PASS" starttime="20201114 23:24:17.300" endtime="20201114 23:24:17.427"></status>
</kw>
<kw name="Should Contain" library="BuiltIn">
<doc>Fails if ``container`` does not contain ``item`` one or more times.</doc>
<arguments>
<arg>${debito.text}</arg>
<arg>-$200.00</arg>
</arguments>
<status status="PASS" starttime="20201114 23:24:17.428" endtime="20201114 23:24:17.546"></status>
</kw>
<kw name="Encerra Acesso" library="base" type="teardown">
<kw name="Capture Page Screenshot" library="SeleniumLibrary">
<doc>Takes a screenshot of the current page and embeds it into a log file.</doc>
<msg timestamp="20201114 23:24:17.837" level="INFO" html="yes">&lt;/td&gt;&lt;/tr&gt;&lt;tr&gt;&lt;td colspan="3"&gt;&lt;a href="selenium-screenshot-5.png"&gt;&lt;img src="selenium-screenshot-5.png" width="800px"&gt;&lt;/a&gt;</msg>
<status status="PASS" starttime="20201114 23:24:17.547" endtime="20201114 23:24:17.837"></status>
</kw>
<kw name="Close Browser" library="SeleniumLibrary">
<doc>Closes the current browser.</doc>
<status status="PASS" starttime="20201114 23:24:17.837" endtime="20201114 23:24:20.104"></status>
</kw>
<status status="PASS" starttime="20201114 23:24:17.547" endtime="20201114 23:24:20.104"></status>
</kw>
<tags>
<tag>confere</tag>
</tags>
<status status="PASS" starttime="20201114 23:24:10.706" endtime="20201114 23:24:20.105" critical="yes"></status>
</test>
<status status="PASS" starttime="20201114 23:24:10.244" endtime="20201114 23:24:20.108"></status>
</suite>
<statistics>
<total>
<stat pass="1" fail="0">Critical Tests</stat>
<stat pass="1" fail="0">All Tests</stat>
</total>
<tag>
<stat pass="1" fail="0">confere</stat>
</tag>
<suite>
<stat pass="1" fail="0" id="s1" name="Transferencia">Transferencia</stat>
</suite>
</statistics>
<errors>
</errors>
</robot>
