<?xml version="1.0" encoding="UTF-8"?>
<robot generator="Robot 3.2.1 (Python 3.8.3 on win32)" generated="20201112 21:43:50.508" rpa="false">
<suite id="s1" name="Conta" source="c:\Altoro\Web\Tests\conta.robot">
<test id="s1-t1" name="Acessando conta Corporate">
<kw name="Novo Acesso" library="base" type="setup">
<kw name="Open Browser" library="SeleniumLibrary">
<doc>Opens a new browser instance to the optional ``url``.</doc>
<arguments>
<arg>${url}</arg>
<arg>chrome</arg>
</arguments>
<msg timestamp="20201112 21:43:50.980" level="INFO">Opening browser 'chrome' to base url 'http://altoromutual.com:8080/ chrome'.</msg>
<status status="PASS" starttime="20201112 21:43:50.980" endtime="20201112 21:43:55.616"></status>
</kw>
<status status="PASS" starttime="20201112 21:43:50.979" endtime="20201112 21:43:55.617"></status>
</kw>
<kw name="Click Element" library="SeleniumLibrary">
<doc>Click the element identified by ``locator``.</doc>
<arguments>
<arg>id:AccountLink</arg>
</arguments>
<msg timestamp="20201112 21:43:55.618" level="INFO">Clicking element 'id:AccountLink'.</msg>
<status status="PASS" starttime="20201112 21:43:55.618" endtime="20201112 21:43:55.982"></status>
</kw>
<kw name="Input Text" library="SeleniumLibrary">
<doc>Types the given ``text`` into the text field identified by ``locator``.</doc>
<arguments>
<arg>id:uid</arg>
<arg>admin</arg>
</arguments>
<msg timestamp="20201112 21:43:55.987" level="INFO">Typing text 'admin' into text field 'id:uid'.</msg>
<status status="PASS" starttime="20201112 21:43:55.986" endtime="20201112 21:43:56.141"></status>
</kw>
<kw name="Input Text" library="SeleniumLibrary">
<doc>Types the given ``text`` into the text field identified by ``locator``.</doc>
<arguments>
<arg>id:passw</arg>
<arg>admin</arg>
</arguments>
<msg timestamp="20201112 21:43:56.143" level="INFO">Typing text 'admin' into text field 'id:passw'.</msg>
<status status="PASS" starttime="20201112 21:43:56.142" endtime="20201112 21:43:56.323"></status>
</kw>
<kw name="Click Button" library="SeleniumLibrary">
<doc>Clicks the button identified by ``locator``.</doc>
<arguments>
<arg>css:input[name="btnSubmit"]</arg>
</arguments>
<msg timestamp="20201112 21:43:56.324" level="INFO">Clicking button 'css:input[name="btnSubmit"]'.</msg>
<status status="PASS" starttime="20201112 21:43:56.323" endtime="20201112 21:43:56.992"></status>
</kw>
<kw name="Select From List By Value" library="SeleniumLibrary">
<doc>Selects options from selection list ``locator`` by ``values``.</doc>
<arguments>
<arg>id:listAccounts</arg>
<arg>800000</arg>
</arguments>
<msg timestamp="20201112 21:43:57.002" level="INFO">Selecting options from selection list 'id:listAccounts' by value 800000.</msg>
<status status="PASS" starttime="20201112 21:43:57.001" endtime="20201112 21:43:57.107"></status>
</kw>
<kw name="Click Button" library="SeleniumLibrary">
<doc>Clicks the button identified by ``locator``.</doc>
<arguments>
<arg>id:btnGetAccount</arg>
</arguments>
<msg timestamp="20201112 21:43:57.109" level="INFO">Clicking button 'id:btnGetAccount'.</msg>
<status status="PASS" starttime="20201112 21:43:57.108" endtime="20201112 21:43:57.986"></status>
</kw>
<kw name="Get WebElement" library="SeleniumLibrary">
<doc>Returns the first WebElement matching the given ``locator``.</doc>
<arguments>
<arg>xpath://div[@class="fl"]</arg>
</arguments>
<assign>
<var>${conta}</var>
</assign>
<msg timestamp="20201112 21:43:58.012" level="INFO">${conta} = &lt;selenium.webdriver.remote.webelement.WebElement (session="083932d8016d2a1d45ff7189253385bb", element="a4cf54d6-c04f-41b3-9f1d-5c9eeaeaa848")&gt;</msg>
<status status="PASS" starttime="20201112 21:43:57.987" endtime="20201112 21:43:58.012"></status>
</kw>
<kw name="Should Contain" library="BuiltIn">
<doc>Fails if ``container`` does not contain ``item`` one or more times.</doc>
<arguments>
<arg>${conta.text}</arg>
<arg>Account History - 800000 Corporate</arg>
</arguments>
<status status="PASS" starttime="20201112 21:43:58.013" endtime="20201112 21:44:01.185"></status>
</kw>
<kw name="Encerra Acesso" library="base" type="teardown">
<kw name="Capture Page Screenshot" library="SeleniumLibrary">
<doc>Takes a screenshot of the current page and embeds it into a log file.</doc>
<msg timestamp="20201112 21:44:01.514" level="INFO" html="yes">&lt;/td&gt;&lt;/tr&gt;&lt;tr&gt;&lt;td colspan="3"&gt;&lt;a href="selenium-screenshot-12.png"&gt;&lt;img src="selenium-screenshot-12.png" width="800px"&gt;&lt;/a&gt;</msg>
<status status="PASS" starttime="20201112 21:44:01.187" endtime="20201112 21:44:01.515"></status>
</kw>
<kw name="Close Browser" library="SeleniumLibrary">
<doc>Closes the current browser.</doc>
<status status="PASS" starttime="20201112 21:44:01.515" endtime="20201112 21:44:03.742"></status>
</kw>
<status status="PASS" starttime="20201112 21:44:01.186" endtime="20201112 21:44:03.742"></status>
</kw>
<tags>
<tag>AcessaConta</tag>
</tags>
<status status="PASS" starttime="20201112 21:43:50.977" endtime="20201112 21:44:03.743" critical="yes"></status>
</test>
<test id="s1-t2" name="Acessando conta Checking">
<kw name="Novo Acesso" library="base" type="setup">
<kw name="Open Browser" library="SeleniumLibrary">
<doc>Opens a new browser instance to the optional ``url``.</doc>
<arguments>
<arg>${url}</arg>
<arg>chrome</arg>
</arguments>
<msg timestamp="20201112 21:44:03.748" level="INFO">Opening browser 'chrome' to base url 'http://altoromutual.com:8080/ chrome'.</msg>
<status status="PASS" starttime="20201112 21:44:03.748" endtime="20201112 21:44:08.507"></status>
</kw>
<status status="PASS" starttime="20201112 21:44:03.747" endtime="20201112 21:44:08.507"></status>
</kw>
<kw name="Click Element" library="SeleniumLibrary">
<doc>Click the element identified by ``locator``.</doc>
<arguments>
<arg>id:AccountLink</arg>
</arguments>
<msg timestamp="20201112 21:44:08.509" level="INFO">Clicking element 'id:AccountLink'.</msg>
<status status="PASS" starttime="20201112 21:44:08.508" endtime="20201112 21:44:08.837"></status>
</kw>
<kw name="Input Text" library="SeleniumLibrary">
<doc>Types the given ``text`` into the text field identified by ``locator``.</doc>
<arguments>
<arg>id:uid</arg>
<arg>admin</arg>
</arguments>
<msg timestamp="20201112 21:44:08.843" level="INFO">Typing text 'admin' into text field 'id:uid'.</msg>
<status status="PASS" starttime="20201112 21:44:08.842" endtime="20201112 21:44:08.967"></status>
</kw>
<kw name="Input Text" library="SeleniumLibrary">
<doc>Types the given ``text`` into the text field identified by ``locator``.</doc>
<arguments>
<arg>id:passw</arg>
<arg>admin</arg>
</arguments>
<msg timestamp="20201112 21:44:08.968" level="INFO">Typing text 'admin' into text field 'id:passw'.</msg>
<status status="PASS" starttime="20201112 21:44:08.968" endtime="20201112 21:44:09.109"></status>
</kw>
<kw name="Click Button" library="SeleniumLibrary">
<doc>Clicks the button identified by ``locator``.</doc>
<arguments>
<arg>css:input[name="btnSubmit"]</arg>
</arguments>
<msg timestamp="20201112 21:44:09.110" level="INFO">Clicking button 'css:input[name="btnSubmit"]'.</msg>
<status status="PASS" starttime="20201112 21:44:09.110" endtime="20201112 21:44:09.863"></status>
</kw>
<kw name="Select From List By Value" library="SeleniumLibrary">
<doc>Selects options from selection list ``locator`` by ``values``.</doc>
<arguments>
<arg>id:listAccounts</arg>
<arg>800001</arg>
</arguments>
<msg timestamp="20201112 21:44:09.866" level="INFO">Selecting options from selection list 'id:listAccounts' by value 800001.</msg>
<status status="PASS" starttime="20201112 21:44:09.864" endtime="20201112 21:44:10.088"></status>
</kw>
<kw name="Click Button" library="SeleniumLibrary">
<doc>Clicks the button identified by ``locator``.</doc>
<arguments>
<arg>id:btnGetAccount</arg>
</arguments>
<msg timestamp="20201112 21:44:10.089" level="INFO">Clicking button 'id:btnGetAccount'.</msg>
<status status="PASS" starttime="20201112 21:44:10.089" endtime="20201112 21:44:10.736"></status>
</kw>
<kw name="Get WebElement" library="SeleniumLibrary">
<doc>Returns the first WebElement matching the given ``locator``.</doc>
<arguments>
<arg>xpath://div[@class="fl"]</arg>
</arguments>
<assign>
<var>${conta}</var>
</assign>
<msg timestamp="20201112 21:44:10.763" level="INFO">${conta} = &lt;selenium.webdriver.remote.webelement.WebElement (session="fa7a9bee5a6f9d86148019e079af40eb", element="1c2d625d-a027-41bb-a97b-85f5d2924c13")&gt;</msg>
<status status="PASS" starttime="20201112 21:44:10.737" endtime="20201112 21:44:10.763"></status>
</kw>
<kw name="Should Contain" library="BuiltIn">
<doc>Fails if ``container`` does not contain ``item`` one or more times.</doc>
<arguments>
<arg>${conta.text}</arg>
<arg>Account History - 800001 Checking</arg>
</arguments>
<status status="PASS" starttime="20201112 21:44:10.764" endtime="20201112 21:44:13.582"></status>
</kw>
<kw name="Encerra Acesso" library="base" type="teardown">
<kw name="Capture Page Screenshot" library="SeleniumLibrary">
<doc>Takes a screenshot of the current page and embeds it into a log file.</doc>
<msg timestamp="20201112 21:44:13.871" level="INFO" html="yes">&lt;/td&gt;&lt;/tr&gt;&lt;tr&gt;&lt;td colspan="3"&gt;&lt;a href="selenium-screenshot-13.png"&gt;&lt;img src="selenium-screenshot-13.png" width="800px"&gt;&lt;/a&gt;</msg>
<status status="PASS" starttime="20201112 21:44:13.584" endtime="20201112 21:44:13.871"></status>
</kw>
<kw name="Close Browser" library="SeleniumLibrary">
<doc>Closes the current browser.</doc>
<status status="PASS" starttime="20201112 21:44:13.871" endtime="20201112 21:44:16.130"></status>
</kw>
<status status="PASS" starttime="20201112 21:44:13.583" endtime="20201112 21:44:16.131"></status>
</kw>
<tags>
<tag>AcessaConta</tag>
</tags>
<status status="PASS" starttime="20201112 21:44:03.746" endtime="20201112 21:44:16.131" critical="yes"></status>
</test>
<status status="PASS" starttime="20201112 21:43:50.512" endtime="20201112 21:44:16.135"></status>
</suite>
<statistics>
<total>
<stat pass="2" fail="0">Critical Tests</stat>
<stat pass="2" fail="0">All Tests</stat>
</total>
<tag>
<stat pass="2" fail="0">AcessaConta</stat>
</tag>
<suite>
<stat pass="2" fail="0" id="s1" name="Conta">Conta</stat>
</suite>
</statistics>
<errors>
</errors>
</robot>
