<?xml version="1.0" encoding="UTF-8"?>
<robot generator="Robot 3.2.1 (Python 3.8.3 on win32)" generated="20201111 23:01:26.066" rpa="false">
<suite id="s1" name="Conta" source="c:\Altoro\Web\Tests\Conta.robot">
<test id="s1-t1" name="Selecionando conta Corporate pelo texto e validando pelo valor">
<kw name="Novo Acesso" library="base" type="setup">
<kw name="Open Browser" library="SeleniumLibrary">
<doc>Opens a new browser instance to the optional ``url``.</doc>
<arguments>
<arg>${url}</arg>
<arg>chrome</arg>
</arguments>
<msg timestamp="20201111 23:01:26.548" level="INFO">Opening browser 'chrome' to base url 'http://altoromutual.com:8080/ chrome'.</msg>
<status status="PASS" starttime="20201111 23:01:26.548" endtime="20201111 23:01:30.824"></status>
</kw>
<status status="PASS" starttime="20201111 23:01:26.547" endtime="20201111 23:01:30.825"></status>
</kw>
<kw name="Click Element" library="SeleniumLibrary">
<doc>Click the element identified by ``locator``.</doc>
<arguments>
<arg>id:AccountLink</arg>
</arguments>
<msg timestamp="20201111 23:01:30.826" level="INFO">Clicking element 'id:AccountLink'.</msg>
<status status="PASS" starttime="20201111 23:01:30.826" endtime="20201111 23:01:31.149"></status>
</kw>
<kw name="Input Text" library="SeleniumLibrary">
<doc>Types the given ``text`` into the text field identified by ``locator``.</doc>
<arguments>
<arg>id:uid</arg>
<arg>admin</arg>
</arguments>
<msg timestamp="20201111 23:01:31.153" level="INFO">Typing text 'admin' into text field 'id:uid'.</msg>
<status status="PASS" starttime="20201111 23:01:31.152" endtime="20201111 23:01:31.290"></status>
</kw>
<kw name="Input Text" library="SeleniumLibrary">
<doc>Types the given ``text`` into the text field identified by ``locator``.</doc>
<arguments>
<arg>id:passw</arg>
<arg>admin</arg>
</arguments>
<msg timestamp="20201111 23:01:31.292" level="INFO">Typing text 'admin' into text field 'id:passw'.</msg>
<status status="PASS" starttime="20201111 23:01:31.291" endtime="20201111 23:01:31.434"></status>
</kw>
<kw name="Click Button" library="SeleniumLibrary">
<doc>Clicks the button identified by ``locator``.</doc>
<arguments>
<arg>css:input[name="btnSubmit"]</arg>
</arguments>
<msg timestamp="20201111 23:01:31.436" level="INFO">Clicking button 'css:input[name="btnSubmit"]'.</msg>
<status status="PASS" starttime="20201111 23:01:31.435" endtime="20201111 23:01:32.057"></status>
</kw>
<kw name="Select From List By Label" library="SeleniumLibrary">
<doc>Selects options from selection list ``locator`` by ``labels``.</doc>
<arguments>
<arg>id:listAccounts</arg>
<arg>800000 Corporate</arg>
</arguments>
<msg timestamp="20201111 23:01:32.058" level="INFO">Selecting options from selection list 'id:listAccounts' by label 800000 Corporate.</msg>
<status status="PASS" starttime="20201111 23:01:32.057" endtime="20201111 23:01:32.141"></status>
</kw>
<kw name="Get Selected List Value" library="SeleniumLibrary">
<doc>Returns the value of selected option from selection list ``locator``.</doc>
<arguments>
<arg>id:listAccounts</arg>
</arguments>
<assign>
<var>${conta}</var>
</assign>
<msg timestamp="20201111 23:01:32.201" level="INFO">${conta} = 800000</msg>
<status status="PASS" starttime="20201111 23:01:32.141" endtime="20201111 23:01:32.201"></status>
</kw>
<kw name="Should Be Equal" library="BuiltIn">
<doc>Fails if the given objects are unequal.</doc>
<arguments>
<arg>${conta}</arg>
<arg>800000</arg>
</arguments>
<status status="PASS" starttime="20201111 23:01:32.202" endtime="20201111 23:01:32.203"></status>
</kw>
<kw name="Encerra Acesso" library="base" type="teardown">
<kw name="Capture Page Screenshot" library="SeleniumLibrary">
<doc>Takes a screenshot of the current page and embeds it into a log file.</doc>
<msg timestamp="20201111 23:01:32.522" level="INFO" html="yes">&lt;/td&gt;&lt;/tr&gt;&lt;tr&gt;&lt;td colspan="3"&gt;&lt;a href="selenium-screenshot-6.png"&gt;&lt;img src="selenium-screenshot-6.png" width="800px"&gt;&lt;/a&gt;</msg>
<status status="PASS" starttime="20201111 23:01:32.205" endtime="20201111 23:01:32.522"></status>
</kw>
<kw name="Close Browser" library="SeleniumLibrary">
<doc>Closes the current browser.</doc>
<status status="PASS" starttime="20201111 23:01:32.523" endtime="20201111 23:01:35.878"></status>
</kw>
<status status="PASS" starttime="20201111 23:01:32.204" endtime="20201111 23:01:35.878"></status>
</kw>
<tags>
<tag>Corporate</tag>
</tags>
<status status="PASS" starttime="20201111 23:01:26.546" endtime="20201111 23:01:35.880" critical="yes"></status>
</test>
<test id="s1-t2" name="Selecionando conta Checking pelo texto e validando pelo valor">
<kw name="Novo Acesso" library="base" type="setup">
<kw name="Open Browser" library="SeleniumLibrary">
<doc>Opens a new browser instance to the optional ``url``.</doc>
<arguments>
<arg>${url}</arg>
<arg>chrome</arg>
</arguments>
<msg timestamp="20201111 23:01:35.884" level="INFO">Opening browser 'chrome' to base url 'http://altoromutual.com:8080/ chrome'.</msg>
<status status="PASS" starttime="20201111 23:01:35.884" endtime="20201111 23:01:40.427"></status>
</kw>
<status status="PASS" starttime="20201111 23:01:35.883" endtime="20201111 23:01:40.427"></status>
</kw>
<kw name="Click Element" library="SeleniumLibrary">
<doc>Click the element identified by ``locator``.</doc>
<arguments>
<arg>id:AccountLink</arg>
</arguments>
<msg timestamp="20201111 23:01:40.429" level="INFO">Clicking element 'id:AccountLink'.</msg>
<status status="PASS" starttime="20201111 23:01:40.428" endtime="20201111 23:01:40.750"></status>
</kw>
<kw name="Input Text" library="SeleniumLibrary">
<doc>Types the given ``text`` into the text field identified by ``locator``.</doc>
<arguments>
<arg>id:uid</arg>
<arg>admin</arg>
</arguments>
<msg timestamp="20201111 23:01:40.756" level="INFO">Typing text 'admin' into text field 'id:uid'.</msg>
<status status="PASS" starttime="20201111 23:01:40.755" endtime="20201111 23:01:40.886"></status>
</kw>
<kw name="Input Text" library="SeleniumLibrary">
<doc>Types the given ``text`` into the text field identified by ``locator``.</doc>
<arguments>
<arg>id:passw</arg>
<arg>admin</arg>
</arguments>
<msg timestamp="20201111 23:01:40.887" level="INFO">Typing text 'admin' into text field 'id:passw'.</msg>
<status status="PASS" starttime="20201111 23:01:40.887" endtime="20201111 23:01:41.025"></status>
</kw>
<kw name="Click Button" library="SeleniumLibrary">
<doc>Clicks the button identified by ``locator``.</doc>
<arguments>
<arg>css:input[name="btnSubmit"]</arg>
</arguments>
<msg timestamp="20201111 23:01:41.026" level="INFO">Clicking button 'css:input[name="btnSubmit"]'.</msg>
<status status="PASS" starttime="20201111 23:01:41.026" endtime="20201111 23:01:41.558"></status>
</kw>
<kw name="Select From List By Label" library="SeleniumLibrary">
<doc>Selects options from selection list ``locator`` by ``labels``.</doc>
<arguments>
<arg>id:listAccounts</arg>
<arg>800001 Checking</arg>
</arguments>
<msg timestamp="20201111 23:01:41.560" level="INFO">Selecting options from selection list 'id:listAccounts' by label 800001 Checking.</msg>
<status status="PASS" starttime="20201111 23:01:41.559" endtime="20201111 23:01:41.678"></status>
</kw>
<kw name="Get Selected List Value" library="SeleniumLibrary">
<doc>Returns the value of selected option from selection list ``locator``.</doc>
<arguments>
<arg>id:listAccounts</arg>
</arguments>
<assign>
<var>${conta}</var>
</assign>
<msg timestamp="20201111 23:01:41.757" level="INFO">${conta} = 800001</msg>
<status status="PASS" starttime="20201111 23:01:41.678" endtime="20201111 23:01:41.757"></status>
</kw>
<kw name="Should Be Equal" library="BuiltIn">
<doc>Fails if the given objects are unequal.</doc>
<arguments>
<arg>${conta}</arg>
<arg>800001</arg>
</arguments>
<status status="PASS" starttime="20201111 23:01:41.758" endtime="20201111 23:01:41.759"></status>
</kw>
<kw name="Encerra Acesso" library="base" type="teardown">
<kw name="Capture Page Screenshot" library="SeleniumLibrary">
<doc>Takes a screenshot of the current page and embeds it into a log file.</doc>
<msg timestamp="20201111 23:01:42.078" level="INFO" html="yes">&lt;/td&gt;&lt;/tr&gt;&lt;tr&gt;&lt;td colspan="3"&gt;&lt;a href="selenium-screenshot-7.png"&gt;&lt;img src="selenium-screenshot-7.png" width="800px"&gt;&lt;/a&gt;</msg>
<status status="PASS" starttime="20201111 23:01:41.760" endtime="20201111 23:01:42.078"></status>
</kw>
<kw name="Close Browser" library="SeleniumLibrary">
<doc>Closes the current browser.</doc>
<status status="PASS" starttime="20201111 23:01:42.079" endtime="20201111 23:01:44.317"></status>
</kw>
<status status="PASS" starttime="20201111 23:01:41.759" endtime="20201111 23:01:44.317"></status>
</kw>
<tags>
<tag>Checking</tag>
</tags>
<status status="PASS" starttime="20201111 23:01:35.882" endtime="20201111 23:01:44.319" critical="yes"></status>
</test>
<test id="s1-t3" name="Selecionando conta Corporate pelo valor e validar pelo texto">
<kw name="Novo Acesso" library="base" type="setup">
<kw name="Open Browser" library="SeleniumLibrary">
<doc>Opens a new browser instance to the optional ``url``.</doc>
<arguments>
<arg>${url}</arg>
<arg>chrome</arg>
</arguments>
<msg timestamp="20201111 23:01:44.323" level="INFO">Opening browser 'chrome' to base url 'http://altoromutual.com:8080/ chrome'.</msg>
<status status="PASS" starttime="20201111 23:01:44.323" endtime="20201111 23:02:00.056"></status>
</kw>
<status status="PASS" starttime="20201111 23:01:44.322" endtime="20201111 23:02:00.057"></status>
</kw>
<kw name="Click Element" library="SeleniumLibrary">
<doc>Click the element identified by ``locator``.</doc>
<arguments>
<arg>id:AccountLink</arg>
</arguments>
<msg timestamp="20201111 23:02:00.058" level="INFO">Clicking element 'id:AccountLink'.</msg>
<status status="PASS" starttime="20201111 23:02:00.058" endtime="20201111 23:02:00.407"></status>
</kw>
<kw name="Input Text" library="SeleniumLibrary">
<doc>Types the given ``text`` into the text field identified by ``locator``.</doc>
<arguments>
<arg>id:uid</arg>
<arg>admin</arg>
</arguments>
<msg timestamp="20201111 23:02:00.413" level="INFO">Typing text 'admin' into text field 'id:uid'.</msg>
<status status="PASS" starttime="20201111 23:02:00.413" endtime="20201111 23:02:00.553"></status>
</kw>
<kw name="Input Text" library="SeleniumLibrary">
<doc>Types the given ``text`` into the text field identified by ``locator``.</doc>
<arguments>
<arg>id:passw</arg>
<arg>admin</arg>
</arguments>
<msg timestamp="20201111 23:02:00.555" level="INFO">Typing text 'admin' into text field 'id:passw'.</msg>
<status status="PASS" starttime="20201111 23:02:00.555" endtime="20201111 23:02:00.726"></status>
</kw>
<kw name="Click Button" library="SeleniumLibrary">
<doc>Clicks the button identified by ``locator``.</doc>
<arguments>
<arg>css:input[name="btnSubmit"]</arg>
</arguments>
<msg timestamp="20201111 23:02:00.727" level="INFO">Clicking button 'css:input[name="btnSubmit"]'.</msg>
<status status="PASS" starttime="20201111 23:02:00.726" endtime="20201111 23:02:01.222"></status>
</kw>
<kw name="Select From List By Value" library="SeleniumLibrary">
<doc>Selects options from selection list ``locator`` by ``values``.</doc>
<arguments>
<arg>id:listAccounts</arg>
<arg>800000</arg>
</arguments>
<msg timestamp="20201111 23:02:01.224" level="INFO">Selecting options from selection list 'id:listAccounts' by value 800000.</msg>
<status status="PASS" starttime="20201111 23:02:01.223" endtime="20201111 23:02:01.306"></status>
</kw>
<kw name="Get Selected List Label" library="SeleniumLibrary">
<doc>Returns the label of selected option from selection list ``locator``.</doc>
<arguments>
<arg>id:listAccounts</arg>
</arguments>
<assign>
<var>${conta}</var>
</assign>
<msg timestamp="20201111 23:02:01.407" level="INFO">${conta} = 800000 Corporate</msg>
<status status="PASS" starttime="20201111 23:02:01.307" endtime="20201111 23:02:01.407"></status>
</kw>
<kw name="Should Be Equal" library="BuiltIn">
<doc>Fails if the given objects are unequal.</doc>
<arguments>
<arg>${conta}</arg>
<arg>800000 Corporate</arg>
</arguments>
<status status="PASS" starttime="20201111 23:02:01.407" endtime="20201111 23:02:01.408"></status>
</kw>
<kw name="Encerra Acesso" library="base" type="teardown">
<kw name="Capture Page Screenshot" library="SeleniumLibrary">
<doc>Takes a screenshot of the current page and embeds it into a log file.</doc>
<msg timestamp="20201111 23:02:01.712" level="INFO" html="yes">&lt;/td&gt;&lt;/tr&gt;&lt;tr&gt;&lt;td colspan="3"&gt;&lt;a href="selenium-screenshot-8.png"&gt;&lt;img src="selenium-screenshot-8.png" width="800px"&gt;&lt;/a&gt;</msg>
<status status="PASS" starttime="20201111 23:02:01.410" endtime="20201111 23:02:01.713"></status>
</kw>
<kw name="Close Browser" library="SeleniumLibrary">
<doc>Closes the current browser.</doc>
<status status="PASS" starttime="20201111 23:02:01.713" endtime="20201111 23:02:05.154"></status>
</kw>
<status status="PASS" starttime="20201111 23:02:01.409" endtime="20201111 23:02:05.155"></status>
</kw>
<tags>
<tag>Corporate</tag>
</tags>
<status status="PASS" starttime="20201111 23:01:44.321" endtime="20201111 23:02:05.156" critical="yes"></status>
</test>
<test id="s1-t4" name="Selecionando conta Checking pelo valor e validar pelo texto">
<kw name="Novo Acesso" library="base" type="setup">
<kw name="Open Browser" library="SeleniumLibrary">
<doc>Opens a new browser instance to the optional ``url``.</doc>
<arguments>
<arg>${url}</arg>
<arg>chrome</arg>
</arguments>
<msg timestamp="20201111 23:02:05.161" level="INFO">Opening browser 'chrome' to base url 'http://altoromutual.com:8080/ chrome'.</msg>
<status status="PASS" starttime="20201111 23:02:05.160" endtime="20201111 23:02:09.664"></status>
</kw>
<status status="PASS" starttime="20201111 23:02:05.159" endtime="20201111 23:02:09.664"></status>
</kw>
<kw name="Click Element" library="SeleniumLibrary">
<doc>Click the element identified by ``locator``.</doc>
<arguments>
<arg>id:AccountLink</arg>
</arguments>
<msg timestamp="20201111 23:02:09.666" level="INFO">Clicking element 'id:AccountLink'.</msg>
<status status="PASS" starttime="20201111 23:02:09.665" endtime="20201111 23:02:10.408"></status>
</kw>
<kw name="Input Text" library="SeleniumLibrary">
<doc>Types the given ``text`` into the text field identified by ``locator``.</doc>
<arguments>
<arg>id:uid</arg>
<arg>admin</arg>
</arguments>
<msg timestamp="20201111 23:02:10.410" level="INFO">Typing text 'admin' into text field 'id:uid'.</msg>
<status status="PASS" starttime="20201111 23:02:10.409" endtime="20201111 23:02:10.536"></status>
</kw>
<kw name="Input Text" library="SeleniumLibrary">
<doc>Types the given ``text`` into the text field identified by ``locator``.</doc>
<arguments>
<arg>id:passw</arg>
<arg>admin</arg>
</arguments>
<msg timestamp="20201111 23:02:10.537" level="INFO">Typing text 'admin' into text field 'id:passw'.</msg>
<status status="PASS" starttime="20201111 23:02:10.537" endtime="20201111 23:02:10.673"></status>
</kw>
<kw name="Click Button" library="SeleniumLibrary">
<doc>Clicks the button identified by ``locator``.</doc>
<arguments>
<arg>css:input[name="btnSubmit"]</arg>
</arguments>
<msg timestamp="20201111 23:02:10.674" level="INFO">Clicking button 'css:input[name="btnSubmit"]'.</msg>
<status status="PASS" starttime="20201111 23:02:10.674" endtime="20201111 23:02:11.246"></status>
</kw>
<kw name="Select From List By Value" library="SeleniumLibrary">
<doc>Selects options from selection list ``locator`` by ``values``.</doc>
<arguments>
<arg>id:listAccounts</arg>
<arg>800001</arg>
</arguments>
<msg timestamp="20201111 23:02:11.249" level="INFO">Selecting options from selection list 'id:listAccounts' by value 800001.</msg>
<status status="PASS" starttime="20201111 23:02:11.248" endtime="20201111 23:02:11.369"></status>
</kw>
<kw name="Get Selected List Label" library="SeleniumLibrary">
<doc>Returns the label of selected option from selection list ``locator``.</doc>
<arguments>
<arg>id:listAccounts</arg>
</arguments>
<assign>
<var>${conta}</var>
</assign>
<msg timestamp="20201111 23:02:11.456" level="INFO">${conta} = 800001 Checking</msg>
<status status="PASS" starttime="20201111 23:02:11.370" endtime="20201111 23:02:11.456"></status>
</kw>
<kw name="Should Be Equal" library="BuiltIn">
<doc>Fails if the given objects are unequal.</doc>
<arguments>
<arg>${conta}</arg>
<arg>800001 Checking</arg>
</arguments>
<status status="PASS" starttime="20201111 23:02:11.457" endtime="20201111 23:02:11.457"></status>
</kw>
<kw name="Encerra Acesso" library="base" type="teardown">
<kw name="Capture Page Screenshot" library="SeleniumLibrary">
<doc>Takes a screenshot of the current page and embeds it into a log file.</doc>
<msg timestamp="20201111 23:02:11.766" level="INFO" html="yes">&lt;/td&gt;&lt;/tr&gt;&lt;tr&gt;&lt;td colspan="3"&gt;&lt;a href="selenium-screenshot-9.png"&gt;&lt;img src="selenium-screenshot-9.png" width="800px"&gt;&lt;/a&gt;</msg>
<status status="PASS" starttime="20201111 23:02:11.459" endtime="20201111 23:02:11.767"></status>
</kw>
<kw name="Close Browser" library="SeleniumLibrary">
<doc>Closes the current browser.</doc>
<status status="PASS" starttime="20201111 23:02:11.767" endtime="20201111 23:02:14.015"></status>
</kw>
<status status="PASS" starttime="20201111 23:02:11.458" endtime="20201111 23:02:14.015"></status>
</kw>
<tags>
<tag>Checking</tag>
</tags>
<status status="PASS" starttime="20201111 23:02:05.158" endtime="20201111 23:02:14.016" critical="yes"></status>
</test>
<status status="PASS" starttime="20201111 23:01:26.071" endtime="20201111 23:02:14.019"></status>
</suite>
<statistics>
<total>
<stat pass="4" fail="0">Critical Tests</stat>
<stat pass="4" fail="0">All Tests</stat>
</total>
<tag>
<stat pass="2" fail="0">Checking</stat>
<stat pass="2" fail="0">Corporate</stat>
</tag>
<suite>
<stat pass="4" fail="0" id="s1" name="Conta">Conta</stat>
</suite>
</statistics>
<errors>
</errors>
</robot>
